<?xml version="1.0" encoding="UTF-8"?>
<testsuite xmlns:xsi="http://www.w3.org/2001/XMLSchema-instance" xsi:noNamespaceSchemaLocation="https://maven.apache.org/surefire/maven-failsafe-plugin/xsd/failsafe-test-report.xsd" name="de.muenchen.citrus.samples.apitest.SampleApiTestIT" time="0.442" tests="1" errors="1" skipped="0" failures="0">
  <properties>
[...]
</properties>
  <testcase name="testGet" classname="de.muenchen.citrus.samples.apitest.SampleApiTestIT" time="0.442">
    <error message="Failed to parse JSON text" type="com.consol.citrus.exceptions.TestCaseFailedException">com.consol.citrus.exceptions.TestCaseFailedException: Failed to parse JSON text
	at de.muenchen.citrus.samples.apitest.SampleApiTestIT.testGet(SampleApiTestIT.java:27)
Caused by: com.consol.citrus.exceptions.CitrusRuntimeException: Failed to parse JSON text
	at de.muenchen.citrus.samples.apitest.SampleApiTestIT.testGet(SampleApiTestIT.java:27)
Caused by: net.minidev.json.parser.ParseException: Unexpected token @ignore@ at position 14.
	at de.muenchen.citrus.samples.apitest.SampleApiTestIT.testGet(SampleApiTestIT.java:27)
</error>
    <system-out><![CDATA[17:44:57,530 DEBUG t.TestContextFactory| Created new test context - using global variables: '{project.name=Citrus Integration Tests}'
17:44:57,530 INFO  port.LoggingReporter| 
17:44:57,531 INFO  port.LoggingReporter| ------------------------------------------------------------------------
17:44:57,531 DEBUG port.LoggingReporter| STARTING TEST SampleApiTestIT.testGet <de.muenchen.citrus.samples.apitest>
17:44:57,531 INFO  port.LoggingReporter| 
17:44:57,531 DEBUG      citrus.TestCase| Initializing test case
17:44:57,532 DEBUG      citrus.TestCase| Global variables:
17:44:57,532 DEBUG      citrus.TestCase| project.name = Citrus Integration Tests
17:44:57,532 DEBUG  context.TestContext| Setting variable: citrus.test.name with value: 'SampleApiTestIT.testGet'
17:44:57,534 DEBUG  context.TestContext| Setting variable: citrus.test.package with value: 'de.muenchen.citrus.samples.apitest'
17:44:57,534 DEBUG      citrus.TestCase| Test variables:
17:44:57,535 DEBUG      citrus.TestCase| citrus.test.package = de.muenchen.citrus.samples.apitest
17:44:57,535 DEBUG      citrus.TestCase| citrus.test.name = SampleApiTestIT.testGet
17:44:57,535 DEBUG      citrus.TestCase| project.name = Citrus Integration Tests
17:44:57,559 INFO  port.LoggingReporter| 
17:44:57,560 DEBUG port.LoggingReporter| TEST STEP 1: send
17:44:57,814 DEBUG ltCorrelationManager| Saving correlation key for 'citrus_message_correlator_sutClient'
17:44:57,814 DEBUG  context.TestContext| Setting variable: citrus_message_correlator_sutClient with value: 'citrus_message_id = '4abb44f9-9755-4b48-895b-dfd30cdb3a2a''
17:44:57,814 DEBUG    client.HttpClient| Sending HTTP message to: 'http://localhost:8082/greeting'
17:44:57,814 DEBUG    client.HttpClient| Message to send:

17:44:57,828 DEBUG ingClientInterceptor| Sending Http request message
17:44:57,828 DEBUG   Logger.Message_OUT| GET http://localhost:8082/greeting
Accept:*/*
Content-Type:text/plain;charset=UTF-8
Content-Length:0


17:44:57,848 DEBUG ol.RequestAddCookies| CookieSpec selected: default
17:44:57,860 DEBUG col.RequestAuthCache| Auth cache not set in the context
17:44:57,861 DEBUG entConnectionManager| Connection request: [route: {}->http://localhost:8082][total kept alive: 0; route allocated: 0 of 5; total allocated: 0 of 10]
17:44:57,872 DEBUG entConnectionManager| Connection leased: [id: 0][route: {}->http://localhost:8082][total kept alive: 0; route allocated: 1 of 5; total allocated: 1 of 10]
17:44:57,873 DEBUG chain.MainClientExec| Opening connection {}->http://localhost:8082
17:44:57,878 DEBUG ntConnectionOperator| Connecting to localhost/127.0.0.1:8082
17:44:57,879 DEBUG ntConnectionOperator| Connection established 127.0.0.1:50024<->127.0.0.1:8082
17:44:57,879 DEBUG chain.MainClientExec| Executing request GET /greeting HTTP/1.1
17:44:57,880 DEBUG chain.MainClientExec| Target auth state: UNCHALLENGED
17:44:57,880 DEBUG chain.MainClientExec| Proxy auth state: UNCHALLENGED
17:44:57,882 DEBUG         http.headers| http-outgoing-0 >> GET /greeting HTTP/1.1
17:44:57,883 DEBUG         http.headers| http-outgoing-0 >> Accept: */*
17:44:57,883 DEBUG         http.headers| http-outgoing-0 >> Content-Type: text/plain;charset=UTF-8
17:44:57,884 DEBUG         http.headers| http-outgoing-0 >> Host: localhost:8082
17:44:57,884 DEBUG         http.headers| http-outgoing-0 >> Connection: Keep-Alive
17:44:57,884 DEBUG         http.headers| http-outgoing-0 >> User-Agent: Apache-HttpClient/4.5.5 (Java/1.8.0_212)
17:44:57,884 DEBUG         http.headers| http-outgoing-0 >> Accept-Encoding: gzip,deflate
17:44:57,885 DEBUG            http.wire| http-outgoing-0 >> "GET /greeting HTTP/1.1[\r][\n]"
17:44:57,886 DEBUG            http.wire| http-outgoing-0 >> "Accept: */*[\r][\n]"
17:44:57,886 DEBUG            http.wire| http-outgoing-0 >> "Content-Type: text/plain;charset=UTF-8[\r][\n]"
17:44:57,886 DEBUG            http.wire| http-outgoing-0 >> "Host: localhost:8082[\r][\n]"
17:44:57,887 DEBUG            http.wire| http-outgoing-0 >> "Connection: Keep-Alive[\r][\n]"
17:44:57,887 DEBUG            http.wire| http-outgoing-0 >> "User-Agent: Apache-HttpClient/4.5.5 (Java/1.8.0_212)[\r][\n]"
17:44:57,887 DEBUG            http.wire| http-outgoing-0 >> "Accept-Encoding: gzip,deflate[\r][\n]"
17:44:57,887 DEBUG            http.wire| http-outgoing-0 >> "[\r][\n]"
17:44:57,892 DEBUG            http.wire| http-outgoing-0 << "HTTP/1.1 200 [\r][\n]"
17:44:57,892 DEBUG            http.wire| http-outgoing-0 << "Content-Type: application/json;charset=UTF-8[\r][\n]"
17:44:57,892 DEBUG            http.wire| http-outgoing-0 << "Transfer-Encoding: chunked[\r][\n]"
17:44:57,892 DEBUG            http.wire| http-outgoing-0 << "Date: Mon, 27 May 2019 15:44:57 GMT[\r][\n]"
17:44:57,892 DEBUG            http.wire| http-outgoing-0 << "[\r][\n]"
17:44:57,893 DEBUG            http.wire| http-outgoing-0 << "23[\r][\n]"
17:44:57,893 DEBUG            http.wire| http-outgoing-0 << "{"id":37,"content":"Hello, World!"}[\r][\n]"
17:44:57,893 DEBUG            http.wire| http-outgoing-0 << "0[\r][\n]"
17:44:57,893 DEBUG            http.wire| http-outgoing-0 << "[\r][\n]"
17:44:57,897 DEBUG         http.headers| http-outgoing-0 << HTTP/1.1 200 
17:44:57,897 DEBUG         http.headers| http-outgoing-0 << Content-Type: application/json;charset=UTF-8
17:44:57,897 DEBUG         http.headers| http-outgoing-0 << Transfer-Encoding: chunked
17:44:57,897 DEBUG         http.headers| http-outgoing-0 << Date: Mon, 27 May 2019 15:44:57 GMT
17:44:57,907 DEBUG chain.MainClientExec| Connection can be kept alive indefinitely
17:44:57,912 DEBUG entConnectionManager| Connection [id: 0][route: {}->http://localhost:8082] can be kept alive indefinitely
17:44:57,912 DEBUG HttpClientConnection| http-outgoing-0: set socket timeout to 0
17:44:57,913 DEBUG entConnectionManager| Connection released: [id: 0][route: {}->http://localhost:8082][total kept alive: 1; route allocated: 1 of 5; total allocated: 1 of 10]
17:44:57,914 DEBUG ingClientInterceptor| Received Http response message
17:44:57,914 DEBUG    Logger.Message_IN| HTTP/1.1 200 
Content-Type:application/json;charset=UTF-8
Transfer-Encoding:chunked
Date:Mon, 27 May 2019 15:44:57 GMT

{"id":37,"content":"Hello, World!"}
17:44:57,919 INFO     client.HttpClient| HTTP message was sent to endpoint: 'http://localhost:8082/greeting'
17:44:57,931 DEBUG ltCorrelationManager| Saving correlated object for 'citrus_message_id = '4abb44f9-9755-4b48-895b-dfd30cdb3a2a''
17:44:57,932 INFO  port.LoggingReporter| 
17:44:57,932 DEBUG port.LoggingReporter| TEST STEP 1 SUCCESS
17:44:57,936 INFO  port.LoggingReporter| 
17:44:57,936 DEBUG port.LoggingReporter| TEST STEP 2: receive
17:44:57,937 DEBUG ngCorrelationManager| Get correlation key for 'citrus_message_correlator_sutClient'
17:44:57,937 DEBUG ltCorrelationManager| Finding correlated object for 'citrus_message_id = '4abb44f9-9755-4b48-895b-dfd30cdb3a2a''
17:44:57,940 DEBUG ageValidatorRegistry| Found 4 message validators for message type: JSON
17:44:57,941 DEBUG TextMessageValidator| Start JSON message validation ...
17:44:57,941 DEBUG TextMessageValidator| Received message:
HTTPMESSAGE [id: 23fb57fe-8cf2-4952-8d8e-ec27ca4feb19, payload: {"id":37,"content":"Hello, World!"}][headers: {Transfer-Encoding=chunked, contentType=application/json;charset=UTF-8, Date=1558971897000, citrus_message_id=23fb57fe-8cf2-4952-8d8e-ec27ca4feb19, citrus_message_timestamp=1558971897931, Content-Type=application/json;charset=UTF-8, citrus_http_status_code=200, citrus_http_reason_phrase=OK, citrus_http_version=HTTP/1.1}]
17:44:57,942 DEBUG TextMessageValidator| Control message:
HTTPMESSAGE [id: bcec56c9-26e0-4e40-827c-e65ac66a283a, payload: {"id":@ignore@,"content":"Hello, World!"}][headers: {citrus_message_id=bcec56c9-26e0-4e40-827c-e65ac66a283a, citrus_message_timestamp=1558971897935, citrus_http_status_code=200, citrus_http_reason_phrase=OK, citrus_message_type=JSON}]
17:44:58,002 INFO  port.LoggingReporter| 
17:44:58,003 ERROR port.LoggingReporter| TEST FAILED SampleApiTestIT.testGet <de.muenchen.citrus.samples.apitest> Nested exception is: 
com.consol.citrus.exceptions.TestCaseFailedException: Failed to parse JSON text
	at com.consol.citrus.TestCase.executeAction(TestCase.java:227)
	at com.consol.citrus.dsl.runner.DefaultTestRunner.run(DefaultTestRunner.java:188)
	at com.consol.citrus.dsl.runner.DefaultTestRunner.http(DefaultTestRunner.java:540)
	at com.consol.citrus.dsl.junit.JUnit4CitrusTestRunner.http(JUnit4CitrusTestRunner.java:376)
	at de.muenchen.citrus.samples.apitest.SampleApiTestIT.testGet(SampleApiTestIT.java:27)
	at sun.reflect.NativeMethodAccessorImpl.invoke0(Native Method)
	at sun.reflect.NativeMethodAccessorImpl.invoke(NativeMethodAccessorImpl.java:62)
	at sun.reflect.DelegatingMethodAccessorImpl.invoke(DelegatingMethodAccessorImpl.java:43)
	at java.lang.reflect.Method.invoke(Method.java:498)
	at org.springframework.util.ReflectionUtils.invokeMethod(ReflectionUtils.java:223)
	at com.consol.citrus.dsl.junit.JUnit4CitrusTest.invokeTestMethod(JUnit4CitrusTest.java:99)
	at com.consol.citrus.dsl.junit.JUnit4CitrusTest.run(JUnit4CitrusTest.java:70)
	at com.consol.citrus.junit.CitrusJUnit4Runner$InvokeRunMethod.evaluate(CitrusJUnit4Runner.java:217)
	at org.springframework.test.context.junit4.statements.RunBeforeTestExecutionCallbacks.evaluate(RunBeforeTestExecutionCallbacks.java:73)
	at org.springframework.test.context.junit4.statements.RunAfterTestExecutionCallbacks.evaluate(RunAfterTestExecutionCallbacks.java:83)
	at org.springframework.test.context.junit4.statements.RunBeforeTestMethodCallbacks.evaluate(RunBeforeTestMethodCallbacks.java:75)
	at org.springframework.test.context.junit4.statements.RunAfterTestMethodCallbacks.evaluate(RunAfterTestMethodCallbacks.java:86)
	at org.springframework.test.context.junit4.statements.SpringRepeat.evaluate(SpringRepeat.java:84)
	at org.junit.runners.ParentRunner.runLeaf(ParentRunner.java:325)
	at org.springframework.test.context.junit4.SpringJUnit4ClassRunner.runChild(SpringJUnit4ClassRunner.java:251)
	at org.springframework.test.context.junit4.SpringJUnit4ClassRunner.runChild(SpringJUnit4ClassRunner.java:97)
	at org.junit.runners.ParentRunner$3.run(ParentRunner.java:290)
	at org.junit.runners.ParentRunner$1.schedule(ParentRunner.java:71)
	at org.junit.runners.ParentRunner.runChildren(ParentRunner.java:288)
	at org.junit.runners.ParentRunner.access$000(ParentRunner.java:58)
	at org.junit.runners.ParentRunner$2.evaluate(ParentRunner.java:268)
	at org.springframework.test.context.junit4.statements.RunBeforeTestClassCallbacks.evaluate(RunBeforeTestClassCallbacks.java:61)
	at org.springframework.test.context.junit4.statements.RunAfterTestClassCallbacks.evaluate(RunAfterTestClassCallbacks.java:70)
	at org.junit.runners.ParentRunner.run(ParentRunner.java:363)
	at org.springframework.test.context.junit4.SpringJUnit4ClassRunner.run(SpringJUnit4ClassRunner.java:190)
	at org.apache.maven.surefire.junit4.JUnit4Provider.execute(JUnit4Provider.java:365)
	at org.apache.maven.surefire.junit4.JUnit4Provider.executeWithRerun(JUnit4Provider.java:273)
	at org.apache.maven.surefire.junit4.JUnit4Provider.executeTestSet(JUnit4Provider.java:238)
	at org.apache.maven.surefire.junit4.JUnit4Provider.invoke(JUnit4Provider.java:159)
	at org.apache.maven.surefire.booter.ForkedBooter.invokeProviderInSameClassLoader(ForkedBooter.java:383)
	at org.apache.maven.surefire.booter.ForkedBooter.runSuitesInProcess(ForkedBooter.java:344)
	at org.apache.maven.surefire.booter.ForkedBooter.execute(ForkedBooter.java:125)
	at org.apache.maven.surefire.booter.ForkedBooter.main(ForkedBooter.java:417)
Caused by: com.consol.citrus.exceptions.CitrusRuntimeException: Failed to parse JSON text
	at com.consol.citrus.validation.json.JsonTextMessageValidator.validateMessage(JsonTextMessageValidator.java:129)
	at com.consol.citrus.validation.json.JsonTextMessageValidator.validateMessage(JsonTextMessageValidator.java:62)
	at com.consol.citrus.validation.AbstractMessageValidator.validateMessage(AbstractMessageValidator.java:46)
	at com.consol.citrus.actions.ReceiveMessageAction.validateMessage(ReceiveMessageAction.java:231)
	at com.consol.citrus.actions.ReceiveMessageAction.doExecute(ReceiveMessageAction.java:128)
	at com.consol.citrus.actions.AbstractTestAction.execute(AbstractTestAction.java:42)
	at com.consol.citrus.dsl.actions.DelegatingTestAction.doExecute(DelegatingTestAction.java:54)
	at com.consol.citrus.actions.AbstractTestAction.execute(AbstractTestAction.java:42)
	at com.consol.citrus.TestCase.executeAction(TestCase.java:220)
	... 37 more
Caused by: net.minidev.json.parser.ParseException: Unexpected token @ignore@ at position 14.
	at net.minidev.json.parser.JSONParserBase.readMain(JSONParserBase.java:477)
	at net.minidev.json.parser.JSONParserBase.readObject(JSONParserBase.java:546)
	at net.minidev.json.parser.JSONParserBase.readFirst(JSONParserBase.java:301)
	at net.minidev.json.parser.JSONParserBase.parse(JSONParserBase.java:158)
	at net.minidev.json.parser.JSONParserString.parse(JSONParserString.java:58)
	at net.minidev.json.parser.JSONParserString.parse(JSONParserString.java:39)
	at net.minidev.json.parser.JSONParser.parse(JSONParser.java:263)
	at com.consol.citrus.validation.json.JsonTextMessageValidator.validateMessage(JsonTextMessageValidator.java:113)
	... 45 more
17:44:58,006 INFO  port.LoggingReporter| ------------------------------------------------------------------------
17:44:58,006 INFO  port.LoggingReporter| 
]]></system-out>
  </testcase>
</testsuite>